[2024-02-19 15:51:25,302: INFO: main: >>>>>> stage Data Ingestion stage started <<<<<<]
[2024-02-19 15:51:25,318: INFO: common: yaml file: config\config.yaml loaded successfully]
[2024-02-19 15:51:25,318: INFO: common: yaml file: params.yaml loaded successfully]
[2024-02-19 15:51:25,318: INFO: common: created directory at: artifacts]
[2024-02-19 15:51:25,318: INFO: common: created directory at: artifacts/data_ingestion]
[2024-02-19 15:51:25,318: INFO: data_ingestion: File already exists of size: ~ 7718 KB]
[2024-02-19 15:51:25,496: INFO: main: >>>>>> stage Data Ingestion stage completed <<<<<<

x==========x]
[2024-02-19 15:52:47,718: INFO: common: yaml file: config\config.yaml loaded successfully]
[2024-02-19 15:52:47,723: INFO: common: yaml file: params.yaml loaded successfully]
[2024-02-19 15:52:47,723: INFO: common: created directory at: artifacts]
[2024-02-19 15:52:47,723: INFO: common: created directory at: artifacts/data_ingestion]
[2024-02-19 15:52:47,733: INFO: 1434958058: File already exists of size: ~ 7718 KB]
[2024-02-19 16:15:45,735: INFO: common: yaml file: config\config.yaml loaded successfully]
[2024-02-19 16:15:45,743: INFO: common: yaml file: params.yaml loaded successfully]
[2024-02-19 16:15:45,743: INFO: common: created directory at: artifacts]
[2024-02-19 16:15:45,743: INFO: common: created directory at: artifacts/data_ingestion]
[2024-02-19 16:15:45,743: INFO: 1434958058: File already exists of size: ~ 7718 KB]
[2024-02-19 19:24:40,124: INFO: common: yaml file: config\config.yaml loaded successfully]
[2024-02-19 19:24:40,140: INFO: common: yaml file: params.yaml loaded successfully]
[2024-02-19 19:24:40,140: INFO: common: created directory at: artifacts]
[2024-02-19 19:24:40,156: INFO: common: created directory at: artifacts/data_validation]
[2024-02-19 19:24:47,297: INFO: common: yaml file: config\config.yaml loaded successfully]
[2024-02-19 19:24:47,300: INFO: common: yaml file: params.yaml loaded successfully]
[2024-02-19 19:24:47,300: INFO: common: created directory at: artifacts]
[2024-02-19 19:24:47,300: INFO: common: created directory at: artifacts/data_validation]
[2024-02-20 22:09:10,323: INFO: config: PyTorch version 2.2.0 available.]
[2024-02-20 22:09:42,503: INFO: common: yaml file: config\config.yaml loaded successfully]
[2024-02-20 22:09:42,517: INFO: common: yaml file: params.yaml loaded successfully]
[2024-02-20 22:09:42,532: INFO: common: created directory at: artifacts]
[2024-02-20 22:09:42,535: INFO: common: created directory at: artifacts/data_transformation]
[2024-02-20 23:13:54,681: INFO: config: PyTorch version 2.2.0 available.]
[2024-02-20 23:14:37,301: INFO: common: yaml file: config\config.yaml loaded successfully]
[2024-02-20 23:14:37,301: INFO: common: yaml file: params.yaml loaded successfully]
[2024-02-20 23:14:37,343: INFO: common: created directory at: artifacts]
[2024-02-20 23:14:37,343: INFO: common: created directory at: artifacts/model_trainer]
[2024-02-20 23:23:42,394: INFO: common: yaml file: config\config.yaml loaded successfully]
[2024-02-20 23:23:42,396: INFO: common: yaml file: params.yaml loaded successfully]
[2024-02-20 23:23:42,397: INFO: common: created directory at: artifacts]
[2024-02-20 23:23:42,397: INFO: common: created directory at: artifacts/model_trainer]
[2024-02-20 23:24:51,478: INFO: common: yaml file: config\config.yaml loaded successfully]
[2024-02-20 23:24:51,486: INFO: common: yaml file: params.yaml loaded successfully]
[2024-02-20 23:24:51,486: INFO: common: created directory at: artifacts]
[2024-02-20 23:24:51,490: INFO: common: created directory at: artifacts/model_trainer]
[2024-02-20 23:26:29,283: INFO: config: PyTorch version 2.2.0 available.]
[2024-02-20 23:26:29,778: INFO: common: yaml file: config\config.yaml loaded successfully]
[2024-02-20 23:26:29,783: INFO: common: yaml file: params.yaml loaded successfully]
[2024-02-20 23:26:29,783: INFO: common: created directory at: artifacts]
[2024-02-20 23:26:29,783: INFO: common: created directory at: artifacts/model_trainer]
[2024-02-20 23:37:03,805: INFO: common: yaml file: config\config.yaml loaded successfully]
[2024-02-20 23:37:03,827: INFO: common: yaml file: params.yaml loaded successfully]
[2024-02-20 23:37:03,831: INFO: common: created directory at: artifacts]
[2024-02-20 23:37:03,833: INFO: common: created directory at: artifacts/model_trainer]
